0 info it worked if it ends with ok
1 verbose cli [ '/usr/local/bin/node',
1 verbose cli   '/usr/local/bin/npm',
1 verbose cli   'install',
1 verbose cli   'serialport' ]
2 info using npm@1.2.18
3 info using node@v0.10.5
4 verbose read json /home/pi/Robot-3G/RasPi/package.json
5 verbose read json /home/pi/Robot-3G/RasPi/node_modules/serialport/package.json
6 verbose read json /home/pi/Robot-3G/RasPi/node_modules/socket.io/package.json
7 verbose read json /home/pi/Robot-3G/RasPi/package.json
8 verbose cache add [ 'serialport', null ]
9 verbose cache add name=undefined spec="serialport" args=["serialport",null]
10 verbose parsed url { protocol: null,
10 verbose parsed url   slashes: null,
10 verbose parsed url   auth: null,
10 verbose parsed url   host: null,
10 verbose parsed url   port: null,
10 verbose parsed url   hostname: null,
10 verbose parsed url   hash: null,
10 verbose parsed url   search: null,
10 verbose parsed url   query: null,
10 verbose parsed url   pathname: 'serialport',
10 verbose parsed url   path: 'serialport',
10 verbose parsed url   href: 'serialport' }
11 silly lockFile de62b558-serialport serialport
12 verbose lock serialport /home/pi/.npm/de62b558-serialport.lock
13 silly lockFile de62b558-serialport serialport
14 silly lockFile de62b558-serialport serialport
15 verbose addNamed [ 'serialport', '' ]
16 verbose addNamed [ null, '' ]
17 silly lockFile 54883da9-serialport serialport@
18 verbose lock serialport@ /home/pi/.npm/54883da9-serialport.lock
19 silly addNameRange { name: 'serialport', range: '', hasData: false }
20 verbose url raw serialport
21 verbose url resolving [ 'https://registry.npmjs.org/', './serialport' ]
22 verbose url resolved https://registry.npmjs.org/serialport
23 info trying registry request attempt 1 at 20:34:19
24 http GET https://registry.npmjs.org/serialport
25 http 200 https://registry.npmjs.org/serialport
26 silly registry.get cb [ 200,
26 silly registry.get   { vary: 'Accept',
26 silly registry.get     server: 'CouchDB/1.3.0 (Erlang OTP/R15B03)',
26 silly registry.get     etag: '"4VVA3ZB5FWRNNHZC40G27DTC4"',
26 silly registry.get     date: 'Wed, 22 May 2013 20:34:33 GMT',
26 silly registry.get     'content-type': 'application/json',
26 silly registry.get     'content-length': '140771' } ]
27 silly addNameRange number 2 { name: 'serialport', range: '', hasData: true }
28 silly addNameRange versions [ 'serialport',
28 silly addNameRange   [ '0.1.0',
28 silly addNameRange     '0.1.1',
28 silly addNameRange     '0.1.3',
28 silly addNameRange     '0.2.0',
28 silly addNameRange     '0.2.2',
28 silly addNameRange     '0.2.3',
28 silly addNameRange     '0.2.4',
28 silly addNameRange     '0.2.5',
28 silly addNameRange     '0.2.6',
28 silly addNameRange     '0.2.7',
28 silly addNameRange     '0.2.8',
28 silly addNameRange     '0.2.9',
28 silly addNameRange     '0.3.0',
28 silly addNameRange     '0.6.0',
28 silly addNameRange     '0.6.1',
28 silly addNameRange     '0.6.2',
28 silly addNameRange     '0.6.3',
28 silly addNameRange     '0.6.5',
28 silly addNameRange     '0.6.6',
28 silly addNameRange     '0.6.7',
28 silly addNameRange     '0.7.0',
28 silly addNameRange     '0.7.1',
28 silly addNameRange     '0.7.2',
28 silly addNameRange     '0.7.3',
28 silly addNameRange     '0.7.4',
28 silly addNameRange     '0.7.5',
28 silly addNameRange     '1.0.0',
28 silly addNameRange     '1.0.1',
28 silly addNameRange     '1.0.2',
28 silly addNameRange     '1.0.3',
28 silly addNameRange     '1.0.4',
28 silly addNameRange     '1.0.5',
28 silly addNameRange     '1.0.6',
28 silly addNameRange     '1.0.7',
28 silly addNameRange     '1.0.8',
28 silly addNameRange     '1.1.0' ] ]
29 verbose addNamed [ 'serialport', '1.1.0' ]
30 verbose addNamed [ '1.1.0', '1.1.0' ]
31 silly lockFile 2854b428-serialport-1-1-0 serialport@1.1.0
32 verbose lock serialport@1.1.0 /home/pi/.npm/2854b428-serialport-1-1-0.lock
33 silly lockFile e3d06764--serialport-serialport-1-1-0-tgz https://registry.npmjs.org/serialport/-/serialport-1.1.0.tgz
34 verbose lock https://registry.npmjs.org/serialport/-/serialport-1.1.0.tgz /home/pi/.npm/e3d06764--serialport-serialport-1-1-0-tgz.lock
35 verbose addRemoteTarball [ 'https://registry.npmjs.org/serialport/-/serialport-1.1.0.tgz',
35 verbose addRemoteTarball   '1c11e6bbd47c729a7664a126121f5aca6559fc53' ]
36 info retry fetch attempt 1 at 20:34:35
37 verbose fetch to= /home/pi/tmp/npm-2591/1369254875126-0.16943428944796324/tmp.tgz
38 http GET https://registry.npmjs.org/serialport/-/serialport-1.1.0.tgz
39 http 200 https://registry.npmjs.org/serialport/-/serialport-1.1.0.tgz
40 silly shasum updated bytes 65536
41 silly shasum updated bytes 65536
42 silly shasum updated bytes 11518
43 info shasum 1c11e6bbd47c729a7664a126121f5aca6559fc53
43 info shasum /home/pi/tmp/npm-2591/1369254875126-0.16943428944796324/tmp.tgz
44 verbose tar unpack /home/pi/tmp/npm-2591/1369254875126-0.16943428944796324/tmp.tgz
45 silly lockFile 55997ba7-5126-0-16943428944796324-package /home/pi/tmp/npm-2591/1369254875126-0.16943428944796324/package
46 verbose lock /home/pi/tmp/npm-2591/1369254875126-0.16943428944796324/package /home/pi/.npm/55997ba7-5126-0-16943428944796324-package.lock
47 silly lockFile fa599b48-5126-0-16943428944796324-tmp-tgz /home/pi/tmp/npm-2591/1369254875126-0.16943428944796324/tmp.tgz
48 verbose lock /home/pi/tmp/npm-2591/1369254875126-0.16943428944796324/tmp.tgz /home/pi/.npm/fa599b48-5126-0-16943428944796324-tmp-tgz.lock
49 silly gunzTarPerm modes [ '755', '644' ]
50 silly gunzTarPerm extractEntry package.json
51 silly gunzTarPerm extractEntry .npmignore
52 silly gunzTarPerm extractEntry README.md
53 silly gunzTarPerm extractEntry LICENSE
54 silly gunzTarPerm extractEntry serialport.js
55 silly gunzTarPerm extractEntry build/binding.Makefile
56 silly gunzTarPerm extractEntry build/config.gypi
57 silly gunzTarPerm extractEntry build/gyp-mac-tool
58 silly gunzTarPerm extractEntry build/Makefile
59 silly gunzTarPerm extractEntry build/Release/.deps/Release/obj.target/serialport/src/serialport.o.d
60 silly gunzTarPerm extractEntry build/Release/.deps/Release/obj.target/serialport/src/serialport_unix.o.d
61 silly gunzTarPerm extractEntry build/Release/.deps/Release/serialport.node.d
62 silly gunzTarPerm extractEntry build/Release/linker.lock
63 silly gunzTarPerm extractEntry build/Release/obj.target/serialport/src/serialport.o
64 silly gunzTarPerm extractEntry build/Release/obj.target/serialport/src/serialport_unix.o
65 silly gunzTarPerm extractEntry build/serialport.target.mk
66 silly gunzTarPerm extractEntry changelog.md
67 silly gunzTarPerm extractEntry examples/logger.js
68 silly gunzTarPerm extractEntry AUTHORS
69 silly gunzTarPerm extractEntry binding.gyp
70 silly gunzTarPerm extractEntry bin/serialportList.js
71 silly gunzTarPerm extractEntry bin/serialportTerminal.js
72 silly gunzTarPerm extractEntry src/serialport.cpp
73 silly gunzTarPerm extractEntry src/serialport.h
74 silly gunzTarPerm extractEntry src/serialport_unix.cpp
75 silly gunzTarPerm extractEntry src/serialport_win.cpp
76 silly gunzTarPerm extractEntry src/win/disphelper.c
77 silly gunzTarPerm extractEntry src/win/disphelper.h
78 silly gunzTarPerm extractEntry src/win/enumser.cpp
79 silly gunzTarPerm extractEntry src/win/enumser.h
80 silly gunzTarPerm extractEntry src/win/stdafx.h
81 silly gunzTarPerm extractEntry test/echoTest.js
82 silly gunzTarPerm extractEntry test/echo/echo.ino
83 silly gunzTarPerm extractEntry tests/arduino-ldr-read.js
84 silly gunzTarPerm extractEntry tests/echoTest.js
85 silly gunzTarPerm extractEntry tests/test_read.js
86 silly gunzTarPerm extractEntry tests/test_write.js
87 silly gunzTarPerm extractEntry tests/test_zwave.js
88 silly gunzTarPerm extractEntry tests/arduinioEcho/arduinioEcho.ino
89 silly gunzTarPerm extractEntry tests/arduino-ldr-read.pde
90 verbose read json /home/pi/tmp/npm-2591/1369254875126-0.16943428944796324/package/package.json
91 silly lockFile 55997ba7-5126-0-16943428944796324-package /home/pi/tmp/npm-2591/1369254875126-0.16943428944796324/package
92 silly lockFile 55997ba7-5126-0-16943428944796324-package /home/pi/tmp/npm-2591/1369254875126-0.16943428944796324/package
93 silly lockFile fa599b48-5126-0-16943428944796324-tmp-tgz /home/pi/tmp/npm-2591/1369254875126-0.16943428944796324/tmp.tgz
94 silly lockFile fa599b48-5126-0-16943428944796324-tmp-tgz /home/pi/tmp/npm-2591/1369254875126-0.16943428944796324/tmp.tgz
95 verbose from cache /home/pi/tmp/npm-2591/1369254875126-0.16943428944796324/package/package.json
96 verbose tar pack [ '/home/pi/.npm/serialport/1.1.0/package.tgz',
96 verbose tar pack   '/home/pi/tmp/npm-2591/1369254875126-0.16943428944796324/package' ]
97 verbose tarball /home/pi/.npm/serialport/1.1.0/package.tgz
98 verbose folder /home/pi/tmp/npm-2591/1369254875126-0.16943428944796324/package
99 silly lockFile 55997ba7-5126-0-16943428944796324-package /home/pi/tmp/npm-2591/1369254875126-0.16943428944796324/package
100 verbose lock /home/pi/tmp/npm-2591/1369254875126-0.16943428944796324/package /home/pi/.npm/55997ba7-5126-0-16943428944796324-package.lock
101 silly lockFile c1417cb3-npm-serialport-1-1-0-package-tgz /home/pi/.npm/serialport/1.1.0/package.tgz
102 verbose lock /home/pi/.npm/serialport/1.1.0/package.tgz /home/pi/.npm/c1417cb3-npm-serialport-1-1-0-package-tgz.lock
103 silly lockFile 55997ba7-5126-0-16943428944796324-package /home/pi/tmp/npm-2591/1369254875126-0.16943428944796324/package
104 silly lockFile 55997ba7-5126-0-16943428944796324-package /home/pi/tmp/npm-2591/1369254875126-0.16943428944796324/package
105 silly lockFile c1417cb3-npm-serialport-1-1-0-package-tgz /home/pi/.npm/serialport/1.1.0/package.tgz
106 silly lockFile c1417cb3-npm-serialport-1-1-0-package-tgz /home/pi/.npm/serialport/1.1.0/package.tgz
107 silly lockFile 645a4a46--pi-npm-serialport-1-1-0-package /home/pi/.npm/serialport/1.1.0/package
108 verbose lock /home/pi/.npm/serialport/1.1.0/package /home/pi/.npm/645a4a46--pi-npm-serialport-1-1-0-package.lock
109 silly lockFile 645a4a46--pi-npm-serialport-1-1-0-package /home/pi/.npm/serialport/1.1.0/package
110 silly lockFile 645a4a46--pi-npm-serialport-1-1-0-package /home/pi/.npm/serialport/1.1.0/package
111 verbose tar unpack /home/pi/.npm/serialport/1.1.0/package.tgz
112 silly lockFile 645a4a46--pi-npm-serialport-1-1-0-package /home/pi/.npm/serialport/1.1.0/package
113 verbose lock /home/pi/.npm/serialport/1.1.0/package /home/pi/.npm/645a4a46--pi-npm-serialport-1-1-0-package.lock
114 silly lockFile c1417cb3-npm-serialport-1-1-0-package-tgz /home/pi/.npm/serialport/1.1.0/package.tgz
115 verbose lock /home/pi/.npm/serialport/1.1.0/package.tgz /home/pi/.npm/c1417cb3-npm-serialport-1-1-0-package-tgz.lock
116 silly gunzTarPerm modes [ '755', '644' ]
117 silly gunzTarPerm extractEntry package.json
118 silly gunzTarPerm extractEntry .npmignore
119 silly gunzTarPerm extractEntry README.md
120 silly gunzTarPerm extractEntry LICENSE
121 silly gunzTarPerm extractEntry serialport.js
122 silly gunzTarPerm extractEntry binding.gyp
123 silly gunzTarPerm extractEntry build/Makefile
124 silly gunzTarPerm extractEntry build/Release/.deps/Release/obj.target/serialport/src/serialport.o.d
125 silly gunzTarPerm extractEntry build/Release/.deps/Release/obj.target/serialport/src/serialport_unix.o.d
126 silly gunzTarPerm extractEntry build/Release/.deps/Release/serialport.node.d
127 silly gunzTarPerm extractEntry build/Release/linker.lock
128 silly gunzTarPerm extractEntry build/Release/obj.target/serialport/src/serialport.o
129 silly gunzTarPerm extractEntry build/Release/obj.target/serialport/src/serialport_unix.o
130 silly gunzTarPerm extractEntry build/binding.Makefile
131 silly gunzTarPerm extractEntry build/config.gypi
132 silly gunzTarPerm extractEntry build/gyp-mac-tool
133 silly gunzTarPerm extractEntry build/serialport.target.mk
134 silly gunzTarPerm extractEntry AUTHORS
135 silly gunzTarPerm extractEntry examples/logger.js
136 silly gunzTarPerm extractEntry tests/arduino-ldr-read.js
137 silly gunzTarPerm extractEntry tests/echoTest.js
138 silly gunzTarPerm extractEntry tests/test_read.js
139 silly gunzTarPerm extractEntry tests/test_write.js
140 silly gunzTarPerm extractEntry tests/test_zwave.js
141 silly gunzTarPerm extractEntry tests/arduinioEcho/arduinioEcho.ino
142 silly gunzTarPerm extractEntry tests/arduino-ldr-read.pde
143 silly gunzTarPerm extractEntry bin/serialportList.js
144 silly gunzTarPerm extractEntry bin/serialportTerminal.js
145 silly gunzTarPerm extractEntry src/serialport.cpp
146 silly gunzTarPerm extractEntry src/serialport.h
147 silly gunzTarPerm extractEntry src/serialport_unix.cpp
148 silly gunzTarPerm extractEntry src/serialport_win.cpp
149 silly gunzTarPerm extractEntry src/win/disphelper.c
150 silly gunzTarPerm extractEntry src/win/disphelper.h
151 silly gunzTarPerm extractEntry src/win/enumser.cpp
152 silly gunzTarPerm extractEntry src/win/enumser.h
153 silly gunzTarPerm extractEntry src/win/stdafx.h
154 silly gunzTarPerm extractEntry test/echoTest.js
155 silly gunzTarPerm extractEntry test/echo/echo.ino
156 silly gunzTarPerm extractEntry changelog.md
157 verbose read json /home/pi/.npm/serialport/1.1.0/package/package.json
158 silly lockFile 645a4a46--pi-npm-serialport-1-1-0-package /home/pi/.npm/serialport/1.1.0/package
159 silly lockFile 645a4a46--pi-npm-serialport-1-1-0-package /home/pi/.npm/serialport/1.1.0/package
160 silly lockFile c1417cb3-npm-serialport-1-1-0-package-tgz /home/pi/.npm/serialport/1.1.0/package.tgz
161 silly lockFile c1417cb3-npm-serialport-1-1-0-package-tgz /home/pi/.npm/serialport/1.1.0/package.tgz
162 silly shasum updated bytes 65536
163 silly shasum updated bytes 65536
164 silly shasum updated bytes 11624
165 info shasum db5b71770bd8fff0efc470353324d4d3d6321449
165 info shasum /home/pi/.npm/serialport/1.1.0/package.tgz
166 verbose from cache /home/pi/.npm/serialport/1.1.0/package/package.json
167 verbose chmod /home/pi/.npm/serialport/1.1.0/package.tgz 644
168 verbose chown /home/pi/.npm/serialport/1.1.0/package.tgz [ 1000, 1000 ]
169 silly lockFile e3d06764--serialport-serialport-1-1-0-tgz https://registry.npmjs.org/serialport/-/serialport-1.1.0.tgz
170 silly lockFile e3d06764--serialport-serialport-1-1-0-tgz https://registry.npmjs.org/serialport/-/serialport-1.1.0.tgz
171 silly lockFile 2854b428-serialport-1-1-0 serialport@1.1.0
172 silly lockFile 2854b428-serialport-1-1-0 serialport@1.1.0
173 silly lockFile 54883da9-serialport serialport@
174 silly lockFile 54883da9-serialport serialport@
175 silly resolved [ { name: 'serialport',
175 silly resolved     version: '1.1.0',
175 silly resolved     description: 'Welcome your robotic javascript overlords. Better yet, program them!',
175 silly resolved     author:
175 silly resolved      { name: 'Chris Williams',
175 silly resolved        email: 'voodootikigod@gmail.com',
175 silly resolved        url: 'http://www.voodootikigod.com' },
175 silly resolved     main: './serialport',
175 silly resolved     repository:
175 silly resolved      { type: 'git',
175 silly resolved        url: 'git://github.com/voodootikigod/node-serialport.git' },
175 silly resolved     maintainers: [ [Object], [Object] ],
175 silly resolved     dependencies:
175 silly resolved      { bindings: '1.1.0',
175 silly resolved        async: '0.1.18',
175 silly resolved        sf: '0.1.6',
175 silly resolved        optimist: '~0.3.4' },
175 silly resolved     devDependencies: { mocha: '*', chai: '*' },
175 silly resolved     engines: { node: '>= 0.7.0' },
175 silly resolved     bin:
175 silly resolved      { serialportlist: './bin/serialportList.js',
175 silly resolved        serialportterm: './bin/serialportTerminal.js' },
175 silly resolved     scripts:
175 silly resolved      { test: 'mocha -R spec -t 60s -s 60s',
175 silly resolved        install: 'node-gyp rebuild' },
175 silly resolved     gypfile: true,
175 silly resolved     contributors:
175 silly resolved      [ [Object],
175 silly resolved        [Object],
175 silly resolved        [Object],
175 silly resolved        [Object],
175 silly resolved        [Object],
175 silly resolved        [Object],
175 silly resolved        [Object],
175 silly resolved        [Object],
175 silly resolved        [Object] ],
175 silly resolved     readme: '<pre>\n  eeeee eeeee eeeee eeee       e  eeeee \n  8   8 8  88 8   8 8          8  8   " \n  8e  8 8   8 8e  8 8eee       8e 8eeee \n  88  8 8   8 88  8 88      e  88    88 \n  88  8 8eee8 88ee8 88ee 88 8ee88 8ee88\n\n  eeeee eeee eeeee  e  eeeee e     eeeee eeeee eeeee eeeee \n  8   " 8    8   8  8  8   8 8     8   8 8  88 8   8   8   \n  8eeee 8eee 8eee8e 8e 8eee8 8e    8eee8 8   8 8eee8e  8e  \n     88 88   88   8 88 88  8 88    88    8   8 88   8  88  \n  8ee88 88ee 88   8 88 88  8 88eee 88    8eee8 88   8  88\n</pre>\n\nVersion: 1.1.0 - Released August 24, 2012 - Now with Windows Support!!!\n\n*****\n\nImagine a world where you can write JavaScript to control blenders, lights, security systems, or even robots. Yes, I said robots. That world is here and now with node-serialport. It provides a very simple interface to the low level serial port code necessary to program [Arduino](http://www.arduino.cc/) chipsets, [X10](http://www.smarthome.com/manuals/protocol.txt) wireless communications, or even the rising [Z-Wave](http://www.z-wave.com/modules/ZwaveStart/) and [Zigbee](http://www.zigbee.org/) standards. The physical world is your oyster with this goodie. For a full break down of why we made this, please read [NodeBots - The Rise of JS Robotics](http://www.voodootikigod.com/nodebots-the-rise-of-js-robotics).\n\n*****\n\nRobots, you say?\n================\n\nThis library is admittedly a base level toolkit for building amazing things with real world (including robots). Here are a couple of those amazing things that leverage node-serialport:\n\n* [firmata](https://github.com/jgautier/firmata) Talk natively to Arduino using the firmata protocol.\n* [tmpad](http://tmpvar.com/project/tmpad/) [source](https://github.com/tmpvar/tmpad) - a DIY midi pad using infrared, arduino, and nodejs. [Video](http://vimeo.com/34575470)\n* [duino](https://github.com/ecto/duino) - A higher level framework for working with Arduinos in node.js.\n* [Arduino Drinking Game Extravaganza](http://jsconf.eu/2011/arduino_drinking_game_extravaganza.html) - AKA "The Russian" a hexidecimal drinking game for geeks by Uxebu presented at JSConf EU 2011.\n* [Arduino controlling popcorn.js](https://gist.github.com/968773) - Controlling a popcorn.js video with an Arduino kit.\n* [Robotic JavaScript](http://jsconf.eu/2010/speaker/livingroombindmotion_function.html) - The first live presentation of the node-serialport code set as presented at JSConf EU 2010.\n* [devicestack](https://github.com/adrai/devicestack) - This module helps you to represent a device and its protocol.\n\nFor getting started with node-serialport, we recommend you begin with the following articles:\n\n* [Arduino Node Security Sensor Hacking](http://nexxylove.tumblr.com/post/20159263403/arduino-node-security-sensor-hacking) - A great all around "how do I use this" article.\n* [NodeBots - The Rise of JS Robotics](http://www.voodootikigod.com/nodebots-the-rise-of-js-robotics) - A survey article of why one would want to program robots in JS.\n* [Johnny-Five Getting Started Guide](https://github.com/rwldrn/johnny-five#setup-and-assemble-arduino) - Introduction to using the high level Johnny-Five library (awesome).\n\nHow To Use\n==========\n\nUsing node-serialport is pretty easy because it is pretty basic. It provides you with the building block to make great things, it is not a complete solution - just a cog in the (world domination) machine.\n\nTo Install\n----------\n\n<pre>\n  npm install serialport\n</pre>\n\nThis assumes you have everything on your system necessary to compile ANY native module for Node.js. This may not be the case, though, so please ensure the following are true for your system before filing an issue about "Does not install". For all operatings systems, please ensure you have Python 2.x installed AND not 3.0, node-gyp (what we use to compile) requires Python 2.x.\n\n### Windows:\n\nEnsure you have Visual Studio 2010 installed. If you have any version OTHER THAN VS 2010, please read this: https://github.com/TooTallNate/node-gyp/issues/44 \n\n### Mac OS X:\n\nEnsure that you have at a minimum the xCode Command Line Tools installed appropriate for your system configuration. If you recently upgrade OS, it probably removed your installation of Command Line Tools, please verify before submitting a ticket.\n\n### Linux:\n\nYou know what you need for you system, basically your appropriate analog of build-essential. Keep rocking!\n\n\nTo Use\n------\n\nOpening a serial port:\n\n<pre>\n  var SerialPort = require("serialport").SerialPort\n  var serialPort = new SerialPort("/dev/tty-usbserial1", {\n    baudrate: 57600\n  });\n</pre>\n  \nWhen opening a serial port, you can specify (in this order).\n\n1. Path to Serial Port - required.\n1. Options - optional and described below.\n\nThe options object allows you to pass named options to the serial port during initialization. The valid attributes for the options object are the following:\n\n* baudrate: Baud Rate, defaults to 9600. Must be one of: 115200, 57600, 38400, 19200, 9600, 4800, 2400, 1800, 1200, 600, 300, 200, 150, 134, 110, 75, or 50.\n* databits: Data Bits, defaults to 8. Must be one of: 8, 7, 6, or 5.\n* stopbits: Stop Bits, defaults to 1. Must be one of: 1 or 2.\n* parity: Parity, defaults to \'none\'. Must be one of: \'none\', \'even\', \'mark\', \'odd\', \'space\'\n* buffersize: Size of read buffer, defaults to 255. Must be an integer value.\n* parser: The parser engine to use with read data, defaults to rawPacket strategy which just emits the raw buffer as a "data" event. Can be any function that accepts EventEmitter as first parameter and the raw buffer as the second parameter.\n\n**Note, we have added support for either all lowercase OR camelcase of the options (thanks @jagautier), use whichever style you prefer.**\n\nopen event\n----------\n\nYou MUST wait for the open event to be emitted before reading/writing to the serial port. The open happens asynchronously so installing \'data\' listeners and writing \nbefore the open event might result in... nothing at all.\n\nAssuming you are connected to a serial console, you would for example:\n\n<pre>\nserialPort.on("open", function () {\n  console.log(\'open\');\n  serialPort.on(\'data\', function(data) {\n    console.log(\'data received: \' + data);\n  });  \n  serialPort.write("ls\\n", function(err, results) {\n    console.log(\'err \' + err);\n    console.log(\'results \' + results);\n  });  \n});\n</pre>\n\nYou can also call the open function, in this case instanciate the serialport with an additional flag.\n\n<pre>\nvar SerialPort = require("serialport").SerialPort\nvar serialPort = new SerialPort("/dev/tty-usbserial1", {\n  baudrate: 57600\n}, false); // this is the openImmediately flag [default is true]\n\nserialPort.open(function () {\n  console.log(\'open\');\n  serialPort.on(\'data\', function(data) {\n    console.log(\'data received: \' + data);\n  });  \n  serialPort.write("ls\\n", function(err, results) {\n    console.log(\'err \' + err);\n    console.log(\'results \' + results);\n  });  \n});\n</pre>\n\nList Ports\n----------\n\nYou can also list the ports along with some metadata as well.\n\n<pre>\n  serialport.list(function (err, ports) {\n    ports.forEach(function(port) {\n      console.log(port.comName);\n      console.log(port.pnpId);\n      console.log(port.manufacturer);\n    });\n  });\n</pre>\n\nParsers\n-------\n\nOut of the box, node-serialport provides two parsers one that simply emits the raw buffer as a data event and the other which provides familiar "readline" style parsing. To use the readline parser, you must provide a delimiter as such:\n\n<pre>\n  var serialport = require("serialport");\n  var SerialPort = serialport.SerialPort; // localize object constructor\n  \n  var sp = new SerialPort("/dev/tty-usbserial1", { \n    parser: serialport.parsers.readline("\\n") \n  });\n</pre>\n\nTo use the raw parser, you just provide the function definition (or leave undefined):\n\n<pre>\n  var serialport = require("serialport");\n  var SerialPort = serialport.SerialPort; // localize object constructor\n  \n  var sp = new SerialPort("/dev/tty-usbserial1", { \n    parser: serialport.parsers.raw\n  });\n</pre>\n\n\nYou can get updates of new data from the Serial Port as follows:\n\n<pre>\n  serialPort.on("data", function (data) {\n    sys.puts("here: "+data);\n  });\n</pre>\n\nYou can write to the serial port by sending a string or buffer to the write method as follows:\n\n<pre>\nserialPort.write("OMG IT WORKS\\r");\n</pre>\n\nEnjoy and do cool things with this code.\n\n',
175 silly resolved     readmeFilename: 'README.md',
175 silly resolved     _id: 'serialport@1.1.0',
175 silly resolved     dist: { shasum: 'db5b71770bd8fff0efc470353324d4d3d6321449' },
175 silly resolved     _from: 'serialport@',
175 silly resolved     _resolved: 'https://registry.npmjs.org/serialport/-/serialport-1.1.0.tgz' } ]
176 info install serialport@1.1.0 into /home/pi/Robot-3G/RasPi
177 info installOne serialport@1.1.0
178 verbose from cache /home/pi/.npm/serialport/1.1.0/package/package.json
179 info /home/pi/Robot-3G/RasPi/node_modules/serialport unbuild
180 verbose from cache /home/pi/Robot-3G/RasPi/node_modules/serialport/package.json
181 info preuninstall serialport@1.1.0
182 info uninstall serialport@1.1.0
183 verbose true,/home/pi/Robot-3G/RasPi/node_modules,/home/pi/Robot-3G/RasPi/node_modules unbuild serialport@1.1.0
184 verbose /home/pi/Robot-3G/RasPi/node_modules/.bin,[object Object] binRoot
185 info /home/pi/Robot-3G/RasPi/node_modules/serialport unbuild
186 verbose read json /home/pi/Robot-3G/RasPi/node_modules/serialport/package.json
187 info preuninstall serialport@1.1.0
188 info uninstall serialport@1.1.0
189 verbose true,/home/pi/Robot-3G/RasPi/node_modules,/home/pi/Robot-3G/RasPi/node_modules unbuild serialport@1.1.0
190 verbose /home/pi/Robot-3G/RasPi/node_modules/.bin,[object Object] binRoot
191 info postuninstall serialport@1.1.0
192 error Refusing to delete: /home/pi/Robot-3G/RasPi/node_modules/.bin/serialportlist not in /home/pi/Robot-3G/RasPi/node_modules/serialport
File exists: /home/pi/Robot-3G/RasPi/node_modules/.bin/serialportlist
Move it away, and try again.
193 error System Linux 3.6.11+
194 error command "/usr/local/bin/node" "/usr/local/bin/npm" "install" "serialport"
195 error cwd /home/pi/Robot-3G/RasPi
196 error node -v v0.10.5
197 error npm -v 1.2.18
198 error path /home/pi/Robot-3G/RasPi/node_modules/.bin/serialportlist
199 error code EEXIST
200 verbose exit [ 1, true ]
